#
# There is insufficient memory for the Java Runtime Environment to continue.
# Native memory allocation (malloc) failed to allocate 1170096 bytes for Chunk::new
# Possible reasons:
#   The system is out of physical RAM or swap space
#   The process is running with CompressedOops enabled, and the Java Heap may be blocking the growth of the native heap
# Possible solutions:
#   Reduce memory load on the system
#   Increase physical memory or swap space
#   Check if swap backing store is full
#   Decrease Java heap size (-Xmx/-Xms)
#   Decrease number of Java threads
#   Decrease Java thread stack sizes (-Xss)
#   Set larger code cache with -XX:ReservedCodeCacheSize=
#   JVM is running with Unscaled Compressed Oops mode in which the Java heap is
#     placed in the first 4GB address space. The Java Heap base address is the
#     maximum limit for the native heap growth. Please use -XX:HeapBaseMinAddress
#     to set the Java Heap base and to place the Java Heap above 4GB virtual address.
# This output file may be truncated or incomplete.
#
#  Out of Memory Error (allocation.cpp:389), pid=9212, tid=0x0000000000002ad8
#
# JRE version: OpenJDK Runtime Environment (8.0_242-b01) (build 1.8.0_242-release-1644-b01)
# Java VM: OpenJDK 64-Bit Server VM (25.242-b01 mixed mode windows-amd64 compressed oops)
# Failed to write core dump. Minidumps are not enabled by default on client versions of Windows
#

---------------  T H R E A D  ---------------

Current thread (0x0000000017c69000):  JavaThread "C2 CompilerThread0" daemon [_thread_in_native, id=10968, stack(0x00000000192c0000,0x00000000193c0000)]

Stack: [0x00000000192c0000,0x00000000193c0000]
[error occurred during error reporting (printing stack bounds), id 0xc0000005]

Native frames: (J=compiled Java code, j=interpreted, Vv=VM code, C=native code)


Current CompileTask:
C2:   7375 9942       4       java.net.URLClassLoader$1::run (5 bytes)


---------------  P R O C E S S  ---------------

Java Threads: ( => current thread )
  0x0000000019eba000 JavaThread "RMI RenewClean-[127.0.0.1:54184,org.jetbrains.kotlin.daemon.common.LoopbackNetworkInterface$ClientLoopbackSocketFactory@1dad22f7]" daemon [_thread_blocked, id=13228, stack(0x000000001b240000,0x000000001b340000)]
  0x0000000019e6d000 JavaThread "RMI TCP Connection(2)-127.0.0.1" daemon [_thread_in_vm, id=1596, stack(0x000000001b140000,0x000000001b240000)]
  0x0000000019e84800 JavaThread "RMI Scheduler(0)" daemon [_thread_blocked, id=13732, stack(0x000000001b040000,0x000000001b140000)]
  0x00000000198a8000 JavaThread "RMI TCP Connection(1)-127.0.0.1" daemon [_thread_in_native, id=3416, stack(0x000000001ad40000,0x000000001ae40000)]
  0x0000000002f43800 JavaThread "DestroyJavaVM" [_thread_blocked, id=5244, stack(0x0000000002e40000,0x0000000002f40000)]
  0x0000000019e63000 JavaThread "GC Daemon" daemon [_thread_blocked, id=2232, stack(0x000000001ab00000,0x000000001ac00000)]
  0x0000000019e46000 JavaThread "RMI Reaper" [_thread_blocked, id=8112, stack(0x000000001aa00000,0x000000001ab00000)]
  0x0000000019da6000 JavaThread "Timer-0" daemon [_thread_blocked, id=14304, stack(0x000000001a800000,0x000000001a900000)]
  0x0000000019d9f800 JavaThread "RMI TCP Accept-17548" daemon [_thread_in_native, id=10368, stack(0x000000001a700000,0x000000001a800000)]
  0x0000000017cbd000 JavaThread "Service Thread" daemon [_thread_blocked, id=13552, stack(0x00000000199c0000,0x0000000019ac0000)]
  0x0000000017c7e000 JavaThread "C1 CompilerThread2" daemon [_thread_blocked, id=2460, stack(0x00000000194c0000,0x00000000195c0000)]
  0x0000000017c6f800 JavaThread "C2 CompilerThread1" daemon [_thread_in_native, id=6292, stack(0x00000000193c0000,0x00000000194c0000)]
=>0x0000000017c69000 JavaThread "C2 CompilerThread0" daemon [_thread_in_native, id=10968, stack(0x00000000192c0000,0x00000000193c0000)]
  0x0000000017c67000 JavaThread "Attach Listener" daemon [_thread_blocked, id=6772, stack(0x00000000191c0000,0x00000000192c0000)]
  0x0000000017c63800 JavaThread "Signal Dispatcher" daemon [_thread_blocked, id=9768, stack(0x00000000190c0000,0x00000000191c0000)]
  0x000000000303d000 JavaThread "Finalizer" daemon [_thread_blocked, id=2228, stack(0x0000000018ec0000,0x0000000018fc0000)]
  0x0000000017c49800 JavaThread "Reference Handler" daemon [_thread_blocked, id=9228, stack(0x0000000018dc0000,0x0000000018ec0000)]

Other Threads:
  0x0000000017c26800 VMThread [stack: 0x0000000018cc0000,0x0000000018dc0000] [id=3016]
  0x0000000019619800 WatcherThread [stack: 0x0000000019ac0000,0x0000000019bc0000] [id=13040]

VM state:not at safepoint (normal execution)

VM Mutex/Monitor currently owned by a thread: None

heap address: 0x0000000080000000, size: 2048 MB, Compressed Oops mode: 32-bit
Narrow klass base: 0x0000000000000000, Narrow klass shift: 3
Compressed class space size: 1073741824 Address: 0x0000000100000000

Heap:
 PSYoungGen      total 75264K, used 27997K [0x00000000d5580000, 0x00000000db680000, 0x0000000100000000)
  eden space 61440K, 45% used [0x00000000d5580000,0x00000000d70d7500,0x00000000d9180000)
  from space 13824K, 0% used [0x00000000da900000,0x00000000da900000,0x00000000db680000)
  to   space 18944K, 0% used [0x00000000d9180000,0x00000000d9180000,0x00000000da400000)
 ParOldGen       total 73216K, used 64048K [0x0000000080000000, 0x0000000084780000, 0x00000000d5580000)
  object space 73216K, 87% used [0x0000000080000000,0x0000000083e8c3f8,0x0000000084780000)
 Metaspace       used 59327K, capacity 60495K, committed 60760K, reserved 1101824K
  class space    used 7378K, capacity 7652K, committed 7680K, reserved 1048576K

Card table byte_map: [0x0000000012400000,0x0000000012810000] byte_map_base: 0x0000000012000000

Marking Bits: (ParMarkBitMap*) 0x000000007237f030
 Begin Bits: [0x0000000012ec0000, 0x0000000014ec0000)
 End Bits:   [0x0000000014ec0000, 0x0000000016ec0000)

Polling page: 0x0000000002ce0000

CodeCache: size=245760Kb used=27770Kb max_used=27787Kb free=217989Kb
 bounds [0x0000000003040000, 0x0000000004b90000, 0x0000000012040000]
 total_blobs=9342 nmethods=8805 adapters=449
 compilation: enabled

Compilation events (10 events):
Event: 7.373 Thread 0x0000000017c7e000 9947       1       com.sun.tools.javac.util.SharedNameTable$NameImpl::hashCode (5 bytes)
Event: 7.373 Thread 0x0000000017c7e000 nmethod 9947 0x0000000004b62ed0 code [0x0000000004b63020, 0x0000000004b63130]
Event: 7.374 Thread 0x0000000017c7e000 9948       3       com.sun.tools.javac.util.SharedNameTable$NameImpl::getByteArray (11 bytes)
Event: 7.374 Thread 0x0000000017c7e000 nmethod 9948 0x0000000004b62a50 code [0x0000000004b62bc0, 0x0000000004b62e10]
Event: 7.374 Thread 0x0000000017c7e000 9949       3       com.sun.tools.javac.util.Convert::chars2utf (159 bytes)
Event: 7.374 Thread 0x0000000017c7e000 nmethod 9949 0x0000000004b66350 code [0x0000000004b664e0, 0x0000000004b668d0]
Event: 7.374 Thread 0x0000000017c7e000 9950       3       com.sun.tools.javac.util.Name$Table::equals (44 bytes)
Event: 7.374 Thread 0x0000000017c7e000 nmethod 9950 0x0000000004b62450 code [0x0000000004b625c0, 0x0000000004b62870]
Event: 7.374 Thread 0x0000000017c7e000 9951       1       com.sun.tools.javac.code.Symbol$PackageSymbol::getQualifiedName (5 bytes)
Event: 7.374 Thread 0x0000000017c7e000 nmethod 9951 0x0000000004b62150 code [0x0000000004b622a0, 0x0000000004b623b0]

GC Heap History (10 events):
Event: 4.936 GC heap before
{Heap before GC invocations=12 (full 3):
 PSYoungGen      total 51712K, used 51680K [0x00000000d5580000, 0x00000000dc700000, 0x0000000100000000)
  eden space 51200K, 100% used [0x00000000d5580000,0x00000000d8780000,0x00000000d8780000)
  from space 512K, 93% used [0x00000000d9a80000,0x00000000d9af8010,0x00000000d9b00000)
  to   space 19456K, 0% used [0x00000000d8780000,0x00000000d8780000,0x00000000d9a80000)
 ParOldGen       total 73216K, used 45010K [0x0000000080000000, 0x0000000084780000, 0x00000000d5580000)
  object space 73216K, 61% used [0x0000000080000000,0x0000000082bf48f0,0x0000000084780000)
 Metaspace       used 50465K, capacity 51333K, committed 51712K, reserved 1093632K
  class space    used 6553K, capacity 6785K, committed 6912K, reserved 1048576K
Event: 4.947 GC heap after
Heap after GC invocations=12 (full 3):
 PSYoungGen      total 70656K, used 10258K [0x00000000d5580000, 0x00000000dbb00000, 0x0000000100000000)
  eden space 51200K, 0% used [0x00000000d5580000,0x00000000d5580000,0x00000000d8780000)
  from space 19456K, 52% used [0x00000000d8780000,0x00000000d9184b60,0x00000000d9a80000)
  to   space 18432K, 0% used [0x00000000da900000,0x00000000da900000,0x00000000dbb00000)
 ParOldGen       total 73216K, used 45018K [0x0000000080000000, 0x0000000084780000, 0x00000000d5580000)
  object space 73216K, 61% used [0x0000000080000000,0x0000000082bf68f0,0x0000000084780000)
 Metaspace       used 50465K, capacity 51333K, committed 51712K, reserved 1093632K
  class space    used 6553K, capacity 6785K, committed 6912K, reserved 1048576K
}
Event: 5.593 GC heap before
{Heap before GC invocations=13 (full 3):
 PSYoungGen      total 70656K, used 61458K [0x00000000d5580000, 0x00000000dbb00000, 0x0000000100000000)
  eden space 51200K, 100% used [0x00000000d5580000,0x00000000d8780000,0x00000000d8780000)
  from space 19456K, 52% used [0x00000000d8780000,0x00000000d9184b60,0x00000000d9a80000)
  to   space 18432K, 0% used [0x00000000da900000,0x00000000da900000,0x00000000dbb00000)
 ParOldGen       total 73216K, used 45018K [0x0000000080000000, 0x0000000084780000, 0x00000000d5580000)
  object space 73216K, 61% used [0x0000000080000000,0x0000000082bf68f0,0x0000000084780000)
 Metaspace       used 52955K, capacity 54029K, committed 54272K, reserved 1095680K
  class space    used 6832K, capacity 7097K, committed 7168K, reserved 1048576K
Event: 5.611 GC heap after
Heap after GC invocations=13 (full 3):
 PSYoungGen      total 75264K, used 13728K [0x00000000d5580000, 0x00000000db680000, 0x0000000100000000)
  eden space 61440K, 0% used [0x00000000d5580000,0x00000000d5580000,0x00000000d9180000)
  from space 13824K, 99% used [0x00000000da900000,0x00000000db668318,0x00000000db680000)
  to   space 18944K, 0% used [0x00000000d9180000,0x00000000d9180000,0x00000000da400000)
 ParOldGen       total 73216K, used 45018K [0x0000000080000000, 0x0000000084780000, 0x00000000d5580000)
  object space 73216K, 61% used [0x0000000080000000,0x0000000082bf68f0,0x0000000084780000)
 Metaspace       used 52955K, capacity 54029K, committed 54272K, reserved 1095680K
  class space    used 6832K, capacity 7097K, committed 7168K, reserved 1048576K
}
Event: 6.296 GC heap before
{Heap before GC invocations=14 (full 3):
 PSYoungGen      total 75264K, used 75168K [0x00000000d5580000, 0x00000000db680000, 0x0000000100000000)
  eden space 61440K, 100% used [0x00000000d5580000,0x00000000d9180000,0x00000000d9180000)
  from space 13824K, 99% used [0x00000000da900000,0x00000000db668318,0x00000000db680000)
  to   space 18944K, 0% used [0x00000000d9180000,0x00000000d9180000,0x00000000da400000)
 ParOldGen       total 73216K, used 45018K [0x0000000080000000, 0x0000000084780000, 0x00000000d5580000)
  object space 73216K, 61% used [0x0000000080000000,0x0000000082bf68f0,0x0000000084780000)
 Metaspace       used 54217K, capacity 55337K, committed 55680K, reserved 1097728K
  class space    used 6897K, capacity 7175K, committed 7296K, reserved 1048576K
Event: 6.314 GC heap after
Heap after GC invocations=14 (full 3):
 PSYoungGen      total 80384K, used 17371K [0x00000000d5580000, 0x00000000db680000, 0x0000000100000000)
  eden space 61440K, 0% used [0x00000000d5580000,0x00000000d5580000,0x00000000d9180000)
  from space 18944K, 91% used [0x00000000d9180000,0x00000000da276c70,0x00000000da400000)
  to   space 13824K, 0% used [0x00000000da900000,0x00000000da900000,0x00000000db680000)
 ParOldGen       total 73216K, used 45018K [0x0000000080000000, 0x0000000084780000, 0x00000000d5580000)
  object space 73216K, 61% used [0x0000000080000000,0x0000000082bf68f0,0x0000000084780000)
 Metaspace       used 54217K, capacity 55337K, committed 55680K, reserved 1097728K
  class space    used 6897K, capacity 7175K, committed 7296K, reserved 1048576K
}
Event: 6.986 GC heap before
{Heap before GC invocations=15 (full 3):
 PSYoungGen      total 80384K, used 67436K [0x00000000d5580000, 0x00000000db680000, 0x0000000100000000)
  eden space 61440K, 81% used [0x00000000d5580000,0x00000000d8664430,0x00000000d9180000)
  from space 18944K, 91% used [0x00000000d9180000,0x00000000da276c70,0x00000000da400000)
  to   space 13824K, 0% used [0x00000000da900000,0x00000000da900000,0x00000000db680000)
 ParOldGen       total 73216K, used 45018K [0x0000000080000000, 0x0000000084780000, 0x00000000d5580000)
  object space 73216K, 61% used [0x0000000080000000,0x0000000082bf68f0,0x0000000084780000)
 Metaspace       used 57784K, capacity 58985K, committed 59096K, reserved 1101824K
  class space    used 7185K, capacity 7491K, committed 7552K, reserved 1048576K
Event: 7.001 GC heap after
Heap after GC invocations=15 (full 3):
 PSYoungGen      total 75264K, used 13823K [0x00000000d5580000, 0x00000000db680000, 0x0000000100000000)
  eden space 61440K, 0% used [0x00000000d5580000,0x00000000d5580000,0x00000000d9180000)
  from space 13824K, 99% used [0x00000000da900000,0x00000000db67ff40,0x00000000db680000)
  to   space 18944K, 0% used [0x00000000d9180000,0x00000000d9180000,0x00000000da400000)
 ParOldGen       total 73216K, used 54742K [0x0000000080000000, 0x0000000084780000, 0x00000000d5580000)
  object space 73216K, 74% used [0x0000000080000000,0x0000000083575968,0x0000000084780000)
 Metaspace       used 57784K, capacity 58985K, committed 59096K, reserved 1101824K
  class space    used 7185K, capacity 7491K, committed 7552K, reserved 1048576K
}
Event: 7.001 GC heap before
{Heap before GC invocations=16 (full 4):
 PSYoungGen      total 75264K, used 13823K [0x00000000d5580000, 0x00000000db680000, 0x0000000100000000)
  eden space 61440K, 0% used [0x00000000d5580000,0x00000000d5580000,0x00000000d9180000)
  from space 13824K, 99% used [0x00000000da900000,0x00000000db67ff40,0x00000000db680000)
  to   space 18944K, 0% used [0x00000000d9180000,0x00000000d9180000,0x00000000da400000)
 ParOldGen       total 73216K, used 54742K [0x0000000080000000, 0x0000000084780000, 0x00000000d5580000)
  object space 73216K, 74% used [0x0000000080000000,0x0000000083575968,0x0000000084780000)
 Metaspace       used 57784K, capacity 58985K, committed 59096K, reserved 1101824K
  class space    used 7185K, capacity 7491K, committed 7552K, reserved 1048576K
Event: 7.137 GC heap after
Heap after GC invocations=16 (full 4):
 PSYoungGen      total 75264K, used 0K [0x00000000d5580000, 0x00000000db680000, 0x0000000100000000)
  eden space 61440K, 0% used [0x00000000d5580000,0x00000000d5580000,0x00000000d9180000)
  from space 13824K, 0% used [0x00000000da900000,0x00000000da900000,0x00000000db680000)
  to   space 18944K, 0% used [0x00000000d9180000,0x00000000d9180000,0x00000000da400000)
 ParOldGen       total 73216K, used 64048K [0x0000000080000000, 0x0000000084780000, 0x00000000d5580000)
  object space 73216K, 87% used [0x0000000080000000,0x0000000083e8c3f8,0x0000000084780000)
 Metaspace       used 57784K, capacity 58985K, committed 59096K, reserved 1101824K
  class space    used 7185K, capacity 7491K, committed 7552K, reserved 1048576K
}

Deoptimization events (10 events):
Event: 6.880 Thread 0x0000000019e6d000 Uncommon trap: reason=class_check action=maybe_recompile pc=0x0000000003db4a38 method=org.jetbrains.kotlin.builtins.FunctionTypesKt.isSuspendFunctionType(Lorg/jetbrains/kotlin/types/KotlinType;)Z @ 19
Event: 6.880 Thread 0x0000000019e6d000 Uncommon trap: reason=class_check action=maybe_recompile pc=0x0000000003db4a38 method=org.jetbrains.kotlin.builtins.FunctionTypesKt.isSuspendFunctionType(Lorg/jetbrains/kotlin/types/KotlinType;)Z @ 19
Event: 6.949 Thread 0x0000000019e6d000 Uncommon trap: reason=unstable_if action=reinterpret pc=0x00000000037f5008 method=org.jetbrains.kotlin.protobuf.CodedOutputStream.computeRawVarint32Size(I)I @ 14
Event: 7.145 Thread 0x0000000019e6d000 Uncommon trap: reason=bimorphic action=maybe_recompile pc=0x0000000003f6ec40 method=kotlin.collections.CollectionsKt___CollectionsKt.toList(Ljava/lang/Iterable;)Ljava/util/List; @ 71
Event: 7.162 Thread 0x0000000019e6d000 Uncommon trap: reason=unstable_if action=reinterpret pc=0x0000000003a87eb8 method=org.jetbrains.kotlin.builtins.jvm.JavaToKotlinClassMap.isKotlinFunctionWithBigArity(Lorg/jetbrains/kotlin/name/FqNameUnsafe;Ljava/lang/String;)Z @ 30
Event: 7.188 Thread 0x0000000019e6d000 Uncommon trap: reason=unstable_if action=reinterpret pc=0x0000000004a46ea8 method=org.jetbrains.kotlin.resolve.MemberComparator$NameAndTypeMemberComparator.getDeclarationPriority(Lorg/jetbrains/kotlin/descriptors/DeclarationDescriptor;)I @ 48
Event: 7.205 Thread 0x0000000019e6d000 Uncommon trap: reason=unstable_if action=reinterpret pc=0x0000000004aa6ca4 method=org.jetbrains.kotlin.resolve.MemberComparator$NameAndTypeMemberComparator.getDeclarationPriority(Lorg/jetbrains/kotlin/descriptors/DeclarationDescriptor;)I @ 60
Event: 7.217 Thread 0x0000000019e6d000 Uncommon trap: reason=unstable_if action=reinterpret pc=0x0000000003eae624 method=org.jetbrains.kotlin.metadata.ProtoBuf$Type.getSerializedSize()I @ 108
Event: 7.288 Thread 0x0000000019e6d000 Uncommon trap: reason=bimorphic action=maybe_recompile pc=0x0000000003f6ec40 method=kotlin.collections.CollectionsKt___CollectionsKt.toList(Ljava/lang/Iterable;)Ljava/util/List; @ 71
Event: 7.303 Thread 0x0000000019e6d000 Uncommon trap: reason=predicate action=maybe_recompile pc=0x00000000036e0e90 method=sun.misc.Resource.getBytes()[B @ 53

Classes redefined (0 events):
No events

Internal exceptions (10 events):
Event: 5.345 Thread 0x0000000019e6d000 Exception <a 'java/lang/IncompatibleClassChangeError': Found class java.lang.Object, but interface was expected> (0x00000000d7a59f90) thrown at [C:\src\AOSP-openjdk-git\hotspot\src\share\vm\interpreter\linkResolver.cpp, line 653]
Event: 5.563 Thread 0x0000000019e6d000 Implicit null exception at 0x0000000003a16faf to 0x0000000003a17be9
Event: 5.564 Thread 0x0000000019e6d000 Implicit null exception at 0x000000000326d856 to 0x000000000326dbf9
Event: 5.574 Thread 0x0000000019e6d000 Implicit null exception at 0x0000000003254f19 to 0x00000000032552e5
Event: 6.285 Thread 0x0000000019e6d000 Exception <a 'java/lang/NoSuchMethodError': java.lang.Object.lambda$static$0(I)[Lorg/jetbrains/kotlin/com/intellij/psi/PsiParameter;> (0x00000000d905db20) thrown at [C:\src\AOSP-openjdk-git\hotspot\src\share\vm\interpreter\linkResolver.cpp, line 620]
Event: 6.662 Thread 0x0000000019e6d000 Exception <a 'java/lang/NoSuchMethodError': java.lang.Object.lambda$static$0(Ljava/lang/Throwable;Ljava/lang/String;)V> (0x00000000d71c5e60) thrown at [C:\src\AOSP-openjdk-git\hotspot\src\share\vm\interpreter\linkResolver.cpp, line 620]
Event: 6.666 Thread 0x0000000019e6d000 Implicit null exception at 0x00000000044c6908 to 0x00000000044c6d99
Event: 6.666 Thread 0x0000000019e6d000 Implicit null exception at 0x00000000042bb21e to 0x00000000042bb4f1
Event: 6.666 Thread 0x0000000019e6d000 Implicit null exception at 0x000000000447d902 to 0x000000000447dd79
Event: 6.759 Thread 0x0000000019e6d000 Exception <a 'java/lang/NoSuchMethodError': java.lang.Object.lambda$static$0(Lorg/jetbrains/kotlin/descriptors/ValueParameterDescriptor;Lorg/jetbrains/kotlin/codegen/ExpressionCodegen;)Lorg/jetbrains/kotlin/codegen/StackValue;> (0x00000000d7834f98) thrown

Events (10 events):
Event: 7.372 loading class com/sun/tools/javac/code/Scope$2
Event: 7.372 loading class com/sun/tools/javac/code/Scope$2 done
Event: 7.373 loading class com/sun/tools/javac/code/Symbol$MethodSymbol$1
Event: 7.373 loading class com/sun/tools/javac/code/Symbol$MethodSymbol$1 done
Event: 7.373 loading class com/sun/tools/javac/code/Symbol$MethodSymbol$2
Event: 7.373 loading class com/sun/tools/javac/code/Symbol$MethodSymbol$2 done
Event: 7.374 loading class com/sun/tools/javac/code/Symtab$1
Event: 7.374 loading class com/sun/tools/javac/code/Symtab$1 done
Event: 7.374 loading class com/sun/tools/javac/code/Symtab$2
Event: 7.374 loading class com/sun/tools/javac/code/Symtab$2 done


Dynamic libraries:
0x00007ff69b7a0000 - 0x00007ff69b7d1000 	C:\Program Files\Android\Android Studio\jre\jre\bin\java.exe
0x00007ffeecc40000 - 0x00007ffeece30000 	C:\windows\SYSTEM32\ntdll.dll
0x00007ffeebe00000 - 0x00007ffeebeb2000 	C:\windows\System32\KERNEL32.DLL
0x00007ffeea700000 - 0x00007ffeea9a5000 	C:\windows\System32\KERNELBASE.dll
0x00007ffeeae30000 - 0x00007ffeeaed3000 	C:\windows\System32\ADVAPI32.dll
0x00007ffeec2a0000 - 0x00007ffeec33e000 	C:\windows\System32\msvcrt.dll
0x00007ffeead10000 - 0x00007ffeeada7000 	C:\windows\System32\sechost.dll
0x00007ffeeaf50000 - 0x00007ffeeb06f000 	C:\windows\System32\RPCRT4.dll
0x00007ffeebad0000 - 0x00007ffeebc64000 	C:\windows\System32\USER32.dll
0x00007ffeea6d0000 - 0x00007ffeea6f1000 	C:\windows\System32\win32u.dll
0x00007ffeec480000 - 0x00007ffeec4a6000 	C:\windows\System32\GDI32.dll
0x00007ffeea9b0000 - 0x00007ffeeab48000 	C:\windows\System32\gdi32full.dll
0x00007ffeeac50000 - 0x00007ffeeacee000 	C:\windows\System32\msvcp_win.dll
0x00007ffeeab50000 - 0x00007ffeeac4a000 	C:\windows\System32\ucrtbase.dll
0x00007ffed4bb0000 - 0x00007ffed4e34000 	C:\windows\WinSxS\amd64_microsoft.windows.common-controls_6595b64144ccf1df_6.0.18362.1316_none_9e7a364fe461dbd7\COMCTL32.dll
0x00007ffeebec0000 - 0x00007ffeec1f7000 	C:\windows\System32\combase.dll
0x00007ffeea640000 - 0x00007ffeea6c1000 	C:\windows\System32\bcryptPrimitives.dll
0x00007ffeec270000 - 0x00007ffeec29e000 	C:\windows\System32\IMM32.DLL
0x0000000073d60000 - 0x0000000073e32000 	C:\Program Files\Android\Android Studio\jre\jre\bin\msvcr100.dll
0x0000000071bb0000 - 0x00000000723fb000 	C:\Program Files\Android\Android Studio\jre\jre\bin\server\jvm.dll
0x00007ffeeb760000 - 0x00007ffeeb768000 	C:\windows\System32\PSAPI.DLL
0x00007ffee5070000 - 0x00007ffee5094000 	C:\windows\SYSTEM32\WINMM.dll
0x00007ffed4f50000 - 0x00007ffed4f59000 	C:\windows\SYSTEM32\WSOCK32.dll
0x00007ffeeba60000 - 0x00007ffeebacf000 	C:\windows\System32\WS2_32.dll
0x00007ffee5030000 - 0x00007ffee505d000 	C:\windows\SYSTEM32\WINMMBASE.dll
0x00007ffee9e70000 - 0x00007ffee9eba000 	C:\windows\System32\cfgmgr32.dll
0x00007ffee4760000 - 0x00007ffee476a000 	C:\windows\SYSTEM32\VERSION.dll
0x00007ffee4fe0000 - 0x00007ffee4fef000 	C:\Program Files\Android\Android Studio\jre\jre\bin\verify.dll
0x00007ffed9ee0000 - 0x00007ffed9f09000 	C:\Program Files\Android\Android Studio\jre\jre\bin\java.dll
0x00007ffee4f50000 - 0x00007ffee4f66000 	C:\Program Files\Android\Android Studio\jre\jre\bin\zip.dll
0x00007ffeeb070000 - 0x00007ffeeb758000 	C:\windows\System32\SHELL32.dll
0x00007ffeec4b0000 - 0x00007ffeec557000 	C:\windows\System32\shcore.dll
0x00007ffee9ec0000 - 0x00007ffeea63b000 	C:\windows\System32\windows.storage.dll
0x00007ffee9b70000 - 0x00007ffee9b93000 	C:\windows\System32\profapi.dll
0x00007ffee9b20000 - 0x00007ffee9b6a000 	C:\windows\System32\powrprof.dll
0x00007ffee9af0000 - 0x00007ffee9b00000 	C:\windows\System32\UMPDC.dll
0x00007ffeebda0000 - 0x00007ffeebdf2000 	C:\windows\System32\shlwapi.dll
0x00007ffee9b00000 - 0x00007ffee9b11000 	C:\windows\System32\kernel.appcore.dll
0x00007ffee9e50000 - 0x00007ffee9e67000 	C:\windows\System32\cryptsp.dll
0x00007ffee4f20000 - 0x00007ffee4f2d000 	C:\Program Files\Android\Android Studio\jre\jre\bin\management.dll
0x00007ffee34e0000 - 0x00007ffee34fa000 	C:\Program Files\Android\Android Studio\jre\jre\bin\net.dll
0x00007ffee9330000 - 0x00007ffee9397000 	C:\windows\system32\mswsock.dll
0x00007ffee1690000 - 0x00007ffee16a3000 	C:\Program Files\Android\Android Studio\jre\jre\bin\nio.dll
0x00007ffee8eb0000 - 0x00007ffee8ee3000 	C:\windows\system32\rsaenh.dll
0x00007ffee9e20000 - 0x00007ffee9e46000 	C:\windows\System32\bcrypt.dll
0x00007ffee9a10000 - 0x00007ffee9a35000 	C:\windows\SYSTEM32\USERENV.dll
0x00007ffee9500000 - 0x00007ffee950c000 	C:\windows\SYSTEM32\CRYPTBASE.dll
0x00007ffee9040000 - 0x00007ffee907a000 	C:\windows\SYSTEM32\IPHLPAPI.DLL
0x00007ffeeb980000 - 0x00007ffeeb988000 	C:\windows\System32\NSI.dll
0x00007ffee0c10000 - 0x00007ffee0c26000 	C:\windows\SYSTEM32\dhcpcsvc6.DLL
0x00007ffee1590000 - 0x00007ffee15ac000 	C:\windows\SYSTEM32\dhcpcsvc.DLL
0x00007ffee9080000 - 0x00007ffee914b000 	C:\windows\SYSTEM32\DNSAPI.dll

VM Arguments:
jvm_args: -Djava.awt.headless=true -Djava.rmi.server.hostname=127.0.0.1 -Xmx2048m -Dkotlin.environment.keepalive 
java_command: org.jetbrains.kotlin.daemon.KotlinCompileDaemon --daemon-runFilesPath C:\Users\badni\AppData\Local\kotlin\daemon --daemon-autoshutdownIdleSeconds=7200 --daemon-compilerClasspath C:\Users\badni\.gradle\caches\modules-2\files-2.1\org.jetbrains.kotlin\kotlin-compiler-embeddable\1.3.21\677cc9553b8964c895abc76da9b6a0faea8f671d\kotlin-compiler-embeddable-1.3.21.jar;C:\Users\badni\.gradle\caches\modules-2\files-2.1\org.jetbrains.kotlin\kotlin-reflect\1.3.21\d0d5ff2ac2ebd8a42697af41e20fc225a23c5d3b\kotlin-reflect-1.3.21.jar;C:\Users\badni\.gradle\caches\modules-2\files-2.1\org.jetbrains.kotlin\kotlin-stdlib\1.3.21\4bcc2012b84840e19e1e28074284cac908be0295\kotlin-stdlib-1.3.21.jar;C:\Users\badni\.gradle\caches\modules-2\files-2.1\org.jetbrains.kotlin\kotlin-script-runtime\1.3.21\29363d474ee6fda354900636320a177c7286def9\kotlin-script-runtime-1.3.21.jar;C:\Users\badni\.gradle\caches\modules-2\files-2.1\org.jetbrains.intellij.deps\trove4j\1.0.20181211\216c2e14b070f334479d800987affe4054cd563f\trove4j-1.0.20181211.jar;C:\Users\badni\.gradle\caches\modules-2\files-2.1\org.jetbrains.kotlin\kotlin-stdlib-common\1.3.21\f30e4a9897913e53d778f564110bafa1fef46643\kotlin-stdlib-common-1.3.21.jar;C:\Users\badni\.gradle\caches\modules-2\files-2.1\org.jetbrains\annotations\13.0\919f0dfe192fb4e063e7dacadee7f8bb9a2672a9\annotations-13.0.jar;C:\Program Files\Android\Android Studio\jre\lib\tools.jar
java_class_path (initial): C:\Users\badni\.gradle\caches\modules-2\files-2.1\org.jetbrains.kotlin\kotlin-compiler-embeddable\1.3.21\677cc9553b8964c895abc76da9b6a0faea8f671d\kotlin-compiler-embeddable-1.3.21.jar;C:\Users\badni\.gradle\caches\modules-2\files-2.1\org.jetbrains.kotlin\kotlin-reflect\1.3.21\d0d5ff2ac2ebd8a42697af41e20fc225a23c5d3b\kotlin-reflect-1.3.21.jar;C:\Users\badni\.gradle\caches\modules-2\files-2.1\org.jetbrains.kotlin\kotlin-stdlib\1.3.21\4bcc2012b84840e19e1e28074284cac908be0295\kotlin-stdlib-1.3.21.jar;C:\Users\badni\.gradle\caches\modules-2\files-2.1\org.jetbrains.kotlin\kotlin-script-runtime\1.3.21\29363d474ee6fda354900636320a177c7286def9\kotlin-script-runtime-1.3.21.jar;C:\Users\badni\.gradle\caches\modules-2\files-2.1\org.jetbrains.intellij.deps\trove4j\1.0.20181211\216c2e14b070f334479d800987affe4054cd563f\trove4j-1.0.20181211.jar;C:\Users\badni\.gradle\caches\modules-2\files-2.1\org.jetbrains.kotlin\kotlin-stdlib-common\1.3.21\f30e4a9897913e53d778f564110bafa1fef46643\kotlin-stdlib-common-1.3.21.jar;C:\Users\badni\.gradle\caches\modules-2\files-2.1\org.jetbrains\annotations\13.0\919f0dfe192fb4e063e7dacadee7f8bb9a2672a9\annotations-13.0.jar;C:\Program Files\Android\Android Studio\jre\lib\tools.jar
Launcher Type: SUN_STANDARD

Environment Variables:
PATH=C:\Program Files\Common Files\Oracle\Java\javapath;C:\ProgramData\Oracle\Java\javapath;C:\Windows\system32;C:\Windows;C:\Windows\System32\Wbem;C:\Windows\System32\WindowsPowerShell\v1.0\;C:\Windows\System32\OpenSSH\;C:\Program Files (x86)\NVIDIA Corporation\PhysX\Common;C:\Program Files\NVIDIA Corporation\NVIDIA NvDLISR;C:\Users\badni\AppData\Local\Microsoft\WindowsApps;C:\adb;C:\Users\badni\AppData\Local\Programs\Python\Python37-32;C:\Users\badni\Anaconda3;C:\Users\badni\Anaconda3\Scripts;C:\Users\badni\Anaconda3\Library\bin;C:\Program Files (x86)\HP\Common\HPDestPlgIn\;C:\Program Files (x86)\Microsoft SQL Server\110\Tools\Binn\;C:\Program Files\Microsoft SQL Server\110\Tools\Binn\;C:\Program Files\Microsoft SQL Server\110\DTS\Binn\;C:\Program Files (x86)\Microsoft SQL Server\110\Tools\Binn\ManagementStudio\;C:\Program Files (x86)\Microsoft SQL Server\110\DTS\Binn\;C:\xampp\php;C:\ProgramData\ComposerSetup\bin;C:\Program Files\Git\cmd;C:\Program Files\RedHat\java-11-openjdk-11.0.7-1\bin;C:\Program Files\nodejs\;C:\Program Files\nodejs\node_modules\npm\bin;C:\Users\badni\Anaconda3;C:\Users\badni\Anaconda3\Library\mingw-w64\bin;C:\Users\badni\Anaconda3\Library\usr\bin;C:\Users\badni\Anaconda3\Library\bin;C:\Users\badni\Anaconda3\Scripts;C:\Users\badni\AppData\Local\Programs\Python\Python37-32\Scripts\;C:\Users\badni\AppData\Local\Programs\Python\Python37-32\;C:\Users\badni\AppData\Local\Microsoft\WindowsApps;C:\Users\badni\AppData\Local\Programs\Microsoft VS Code\bin;C:\Program Files (x86)\HP\Common\HPDestPlgIn\;C:\Program Files\JetBrains\IntelliJ IDEA Community Edition 2019.3.3\bin;C:\Users\badni\AppData\Roaming\Composer\vendor\bin;C:\Users\badni\AppData\Local\GitHubDesktop\bin;C:\Program Files\JetBrains\PyCharm Community Edition 2020.1.2\bin;;C:\Users\badni\AppData\Roaming\npm;C:\Program Files\JetBrains\IntelliJ IDEA Community Edition 2020.2.3\bin;;C:\Program Files\heroku\bin
USERNAME=badni
OS=Windows_NT
PROCESSOR_IDENTIFIER=Intel64 Family 6 Model 142 Stepping 11, GenuineIntel



---------------  S Y S T E M  ---------------

OS: Windows 10.0 , 64 bit Build 18362 (10.0.18362.1316)

CPU:total 4 (initial active 4) (4 cores per cpu, 2 threads per core) family 6 model 142 stepping 11, cmov, cx8, fxsr, mmx, sse, sse2, sse3, ssse3, sse4.1, sse4.2, popcnt, avx, avx2, clmul, erms, 3dnowpref, lzcnt, ht, tsc, tscinvbit, bmi1, bmi2, adx

Memory: 4k page, physical 8236280k(520948k free), swap 16624888k(6208k free)

vm_info: OpenJDK 64-Bit Server VM (25.242-b01) for windows-amd64 JRE (1.8.0_242-release-1644-b01), built by "builder" with MS VC++ 10.0 (VS2010)

time: Mon Jan 25 01:30:21 2021
timezone: SE Asia Standard Time
elapsed time: 7 seconds (0d 0h 0m 7s)

