#
# There is insufficient memory for the Java Runtime Environment to continue.
# Native memory allocation (malloc) failed to allocate 221936 bytes for Chunk::new
# Possible reasons:
#   The system is out of physical RAM or swap space
#   The process is running with CompressedOops enabled, and the Java Heap may be blocking the growth of the native heap
# Possible solutions:
#   Reduce memory load on the system
#   Increase physical memory or swap space
#   Check if swap backing store is full
#   Decrease Java heap size (-Xmx/-Xms)
#   Decrease number of Java threads
#   Decrease Java thread stack sizes (-Xss)
#   Set larger code cache with -XX:ReservedCodeCacheSize=
#   JVM is running with Unscaled Compressed Oops mode in which the Java heap is
#     placed in the first 4GB address space. The Java Heap base address is the
#     maximum limit for the native heap growth. Please use -XX:HeapBaseMinAddress
#     to set the Java Heap base and to place the Java Heap above 4GB virtual address.
# This output file may be truncated or incomplete.
#
#  Out of Memory Error (allocation.cpp:389), pid=14748, tid=0x00000000000025f4
#
# JRE version: OpenJDK Runtime Environment (8.0_242-b01) (build 1.8.0_242-release-1644-b01)
# Java VM: OpenJDK 64-Bit Server VM (25.242-b01 mixed mode windows-amd64 compressed oops)
# Failed to write core dump. Minidumps are not enabled by default on client versions of Windows
#

---------------  T H R E A D  ---------------

Current thread (0x000000001791c000):  JavaThread "C2 CompilerThread1" daemon [_thread_in_native, id=9716, stack(0x0000000019070000,0x0000000019170000)]

Stack: [0x0000000019070000,0x0000000019170000]
[error occurred during error reporting (printing stack bounds), id 0xc0000005]

Native frames: (J=compiled Java code, j=interpreted, Vv=VM code, C=native code)


Current CompileTask:
C2:   3258 2646       4       org.jetbrains.kotlin.parsing.SemanticWhitespaceAwarePsiBuilderImpl::getTokenType (22 bytes)


---------------  P R O C E S S  ---------------

Java Threads: ( => current thread )
  0x000000001796e000 JavaThread "Service Thread" daemon [_thread_blocked, id=13248, stack(0x0000000019670000,0x0000000019770000)]
  0x000000001791f800 JavaThread "C1 CompilerThread2" daemon [_thread_in_vm, id=5912, stack(0x0000000019170000,0x0000000019270000)]
=>0x000000001791c000 JavaThread "C2 CompilerThread1" daemon [_thread_in_native, id=9716, stack(0x0000000019070000,0x0000000019170000)]
  0x0000000017917000 JavaThread "C2 CompilerThread0" daemon [_thread_in_native, id=9196, stack(0x0000000018f70000,0x0000000019070000)]
  0x0000000017914800 JavaThread "Attach Listener" daemon [_thread_blocked, id=6380, stack(0x0000000018e70000,0x0000000018f70000)]
  0x0000000017913000 JavaThread "Signal Dispatcher" daemon [_thread_blocked, id=10656, stack(0x0000000018d70000,0x0000000018e70000)]
  0x0000000002e4c800 JavaThread "Finalizer" daemon [_thread_blocked, id=10172, stack(0x0000000018b70000,0x0000000018c70000)]
  0x00000000178f8800 JavaThread "Reference Handler" daemon [_thread_blocked, id=11992, stack(0x0000000018a70000,0x0000000018b70000)]
  0x0000000002d52800 JavaThread "main" [_thread_in_Java, id=14916, stack(0x0000000002c50000,0x0000000002d50000)]

Other Threads:
  0x00000000178d5800 VMThread [stack: 0x0000000018970000,0x0000000018a70000] [id=5484]
  0x00000000192b2000 WatcherThread [stack: 0x0000000019770000,0x0000000019870000] [id=1880]

VM state:not at safepoint (normal execution)

VM Mutex/Monitor currently owned by a thread: None

heap address: 0x0000000082400000, size: 2012 MB, Compressed Oops mode: 32-bit
Narrow klass base: 0x0000000000000000, Narrow klass shift: 3
Compressed class space size: 1073741824 Address: 0x0000000100000000

Heap:
 PSYoungGen      total 70656K, used 2881K [0x00000000d6180000, 0x00000000dc780000, 0x0000000100000000)
  eden space 65536K, 4% used [0x00000000d6180000,0x00000000d6450498,0x00000000da180000)
  from space 5120K, 0% used [0x00000000da180000,0x00000000da180000,0x00000000da680000)
  to   space 5120K, 0% used [0x00000000da680000,0x00000000da680000,0x00000000dab80000)
 ParOldGen       total 67072K, used 21121K [0x0000000082400000, 0x0000000086580000, 0x00000000d6180000)
  object space 67072K, 31% used [0x0000000082400000,0x00000000838a0668,0x0000000086580000)
 Metaspace       used 35140K, capacity 35606K, committed 35928K, reserved 1081344K
  class space    used 4436K, capacity 4582K, committed 4608K, reserved 1048576K

Card table byte_map: [0x0000000012210000,0x0000000012600000] byte_map_base: 0x0000000011dfe000

Marking Bits: (ParMarkBitMap*) 0x000000007784f030
 Begin Bits: [0x0000000012ca0000, 0x0000000014c10000)
 End Bits:   [0x0000000014c10000, 0x0000000016b80000)

Polling page: 0x0000000002a80000

CodeCache: size=245760Kb used=8170Kb max_used=8170Kb free=237589Kb
 bounds [0x0000000002e50000, 0x0000000003650000, 0x0000000011e50000]
 total_blobs=3098 nmethods=2651 adapters=360
 compilation: enabled

Compilation events (10 events):
Event: 3.248 Thread 0x000000001791f800 nmethod 2651 0x0000000003646790 code [0x0000000003646900, 0x0000000003646c28]
Event: 3.248 Thread 0x000000001791f800 2652       3       org.jetbrains.kotlin.com.intellij.lang.impl.PsiBuilderImpl$ProductionMarker::clean (16 bytes)
Event: 3.248 Thread 0x000000001791f800 nmethod 2652 0x0000000003646d50 code [0x0000000003646ea0, 0x0000000003647030]
Event: 3.248 Thread 0x000000001791f800 2653       3       org.jetbrains.kotlin.com.intellij.lang.impl.MarkerOptionalData::clean (60 bytes)
Event: 3.252 Thread 0x000000001791f800 nmethod 2653 0x00000000036470d0 code [0x0000000003647420, 0x0000000003649238]
Event: 3.252 Thread 0x000000001791f800 2661       3       org.jetbrains.kotlin.com.intellij.psi.impl.source.tree.TreeElement::rawInsertAfterMeWithoutNotifications (118 bytes)
Event: 3.255 Thread 0x000000001791f800 nmethod 2661 0x000000000364a210 code [0x000000000364a480, 0x000000000364b8f8]
Event: 3.255 Thread 0x000000001791f800 2654       3       org.jetbrains.kotlin.com.intellij.util.containers.IntStack::push (50 bytes)
Event: 3.255 Thread 0x000000001791f800 nmethod 2654 0x000000000364c090 code [0x000000000364c200, 0x000000000364c468]
Event: 3.255 Thread 0x000000001791f800 2655       3       gnu.trove.TIntArrayList::remove (94 bytes)

GC Heap History (10 events):
Event: 1.502 GC heap before
{Heap before GC invocations=3 (full 0):
 PSYoungGen      total 70656K, used 27789K [0x00000000d6180000, 0x00000000dab80000, 0x0000000100000000)
  eden space 65536K, 34% used [0x00000000d6180000,0x00000000d77a9a70,0x00000000da180000)
  from space 5120K, 99% used [0x00000000da680000,0x00000000dab79a30,0x00000000dab80000)
  to   space 5120K, 0% used [0x00000000da180000,0x00000000da180000,0x00000000da680000)
 ParOldGen       total 86016K, used 7077K [0x0000000082400000, 0x0000000087800000, 0x00000000d6180000)
  object space 86016K, 8% used [0x0000000082400000,0x0000000082ae96f8,0x0000000087800000)
 Metaspace       used 20832K, capacity 21208K, committed 21248K, reserved 1069056K
  class space    used 2427K, capacity 2558K, committed 2560K, reserved 1048576K
Event: 1.510 GC heap after
Heap after GC invocations=3 (full 0):
 PSYoungGen      total 70656K, used 5114K [0x00000000d6180000, 0x00000000dab80000, 0x0000000100000000)
  eden space 65536K, 0% used [0x00000000d6180000,0x00000000d6180000,0x00000000da180000)
  from space 5120K, 99% used [0x00000000da180000,0x00000000da67ea40,0x00000000da680000)
  to   space 5120K, 0% used [0x00000000da680000,0x00000000da680000,0x00000000dab80000)
 ParOldGen       total 86016K, used 11799K [0x0000000082400000, 0x0000000087800000, 0x00000000d6180000)
  object space 86016K, 13% used [0x0000000082400000,0x0000000082f85e60,0x0000000087800000)
 Metaspace       used 20832K, capacity 21208K, committed 21248K, reserved 1069056K
  class space    used 2427K, capacity 2558K, committed 2560K, reserved 1048576K
}
Event: 1.510 GC heap before
{Heap before GC invocations=4 (full 1):
 PSYoungGen      total 70656K, used 5114K [0x00000000d6180000, 0x00000000dab80000, 0x0000000100000000)
  eden space 65536K, 0% used [0x00000000d6180000,0x00000000d6180000,0x00000000da180000)
  from space 5120K, 99% used [0x00000000da180000,0x00000000da67ea40,0x00000000da680000)
  to   space 5120K, 0% used [0x00000000da680000,0x00000000da680000,0x00000000dab80000)
 ParOldGen       total 86016K, used 11799K [0x0000000082400000, 0x0000000087800000, 0x00000000d6180000)
  object space 86016K, 13% used [0x0000000082400000,0x0000000082f85e60,0x0000000087800000)
 Metaspace       used 20832K, capacity 21208K, committed 21248K, reserved 1069056K
  class space    used 2427K, capacity 2558K, committed 2560K, reserved 1048576K
Event: 1.543 GC heap after
Heap after GC invocations=4 (full 1):
 PSYoungGen      total 70656K, used 0K [0x00000000d6180000, 0x00000000dab80000, 0x0000000100000000)
  eden space 65536K, 0% used [0x00000000d6180000,0x00000000d6180000,0x00000000da180000)
  from space 5120K, 0% used [0x00000000da180000,0x00000000da180000,0x00000000da680000)
  to   space 5120K, 0% used [0x00000000da680000,0x00000000da680000,0x00000000dab80000)
 ParOldGen       total 67072K, used 9673K [0x0000000082400000, 0x0000000086580000, 0x00000000d6180000)
  object space 67072K, 14% used [0x0000000082400000,0x0000000082d72730,0x0000000086580000)
 Metaspace       used 20832K, capacity 21208K, committed 21248K, reserved 1069056K
  class space    used 2427K, capacity 2558K, committed 2560K, reserved 1048576K
}
Event: 2.471 GC heap before
{Heap before GC invocations=5 (full 1):
 PSYoungGen      total 70656K, used 65536K [0x00000000d6180000, 0x00000000dab80000, 0x0000000100000000)
  eden space 65536K, 100% used [0x00000000d6180000,0x00000000da180000,0x00000000da180000)
  from space 5120K, 0% used [0x00000000da180000,0x00000000da180000,0x00000000da680000)
  to   space 5120K, 0% used [0x00000000da680000,0x00000000da680000,0x00000000dab80000)
 ParOldGen       total 67072K, used 9673K [0x0000000082400000, 0x0000000086580000, 0x00000000d6180000)
  object space 67072K, 14% used [0x0000000082400000,0x0000000082d72730,0x0000000086580000)
 Metaspace       used 28831K, capacity 29356K, committed 29696K, reserved 1075200K
  class space    used 3417K, capacity 3575K, committed 3584K, reserved 1048576K
Event: 2.483 GC heap after
Heap after GC invocations=5 (full 1):
 PSYoungGen      total 70656K, used 5091K [0x00000000d6180000, 0x00000000dc780000, 0x0000000100000000)
  eden space 65536K, 0% used [0x00000000d6180000,0x00000000d6180000,0x00000000da180000)
  from space 5120K, 99% used [0x00000000da680000,0x00000000dab78c70,0x00000000dab80000)
  to   space 5120K, 0% used [0x00000000da180000,0x00000000da180000,0x00000000da680000)
 ParOldGen       total 67072K, used 19725K [0x0000000082400000, 0x0000000086580000, 0x00000000d6180000)
  object space 67072K, 29% used [0x0000000082400000,0x0000000083743508,0x0000000086580000)
 Metaspace       used 28831K, capacity 29356K, committed 29696K, reserved 1075200K
  class space    used 3417K, capacity 3575K, committed 3584K, reserved 1048576K
}
Event: 2.982 GC heap before
{Heap before GC invocations=6 (full 1):
 PSYoungGen      total 70656K, used 35343K [0x00000000d6180000, 0x00000000dc780000, 0x0000000100000000)
  eden space 65536K, 46% used [0x00000000d6180000,0x00000000d7f0b230,0x00000000da180000)
  from space 5120K, 99% used [0x00000000da680000,0x00000000dab78c70,0x00000000dab80000)
  to   space 5120K, 0% used [0x00000000da180000,0x00000000da180000,0x00000000da680000)
 ParOldGen       total 67072K, used 19725K [0x0000000082400000, 0x0000000086580000, 0x00000000d6180000)
  object space 67072K, 29% used [0x0000000082400000,0x0000000083743508,0x0000000086580000)
 Metaspace       used 34690K, capacity 35144K, committed 35416K, reserved 1081344K
  class space    used 4391K, capacity 4541K, committed 4608K, reserved 1048576K
Event: 2.991 GC heap after
Heap after GC invocations=6 (full 1):
 PSYoungGen      total 70656K, used 5100K [0x00000000d6180000, 0x00000000dc780000, 0x0000000100000000)
  eden space 65536K, 0% used [0x00000000d6180000,0x00000000d6180000,0x00000000da180000)
  from space 5120K, 99% used [0x00000000da180000,0x00000000da67b130,0x00000000da680000)
  to   space 5120K, 0% used [0x00000000da680000,0x00000000da680000,0x00000000dab80000)
 ParOldGen       total 67072K, used 27875K [0x0000000082400000, 0x0000000086580000, 0x00000000d6180000)
  object space 67072K, 41% used [0x0000000082400000,0x0000000083f38e70,0x0000000086580000)
 Metaspace       used 34690K, capacity 35144K, committed 35416K, reserved 1081344K
  class space    used 4391K, capacity 4541K, committed 4608K, reserved 1048576K
}
Event: 2.991 GC heap before
{Heap before GC invocations=7 (full 2):
 PSYoungGen      total 70656K, used 5100K [0x00000000d6180000, 0x00000000dc780000, 0x0000000100000000)
  eden space 65536K, 0% used [0x00000000d6180000,0x00000000d6180000,0x00000000da180000)
  from space 5120K, 99% used [0x00000000da180000,0x00000000da67b130,0x00000000da680000)
  to   space 5120K, 0% used [0x00000000da680000,0x00000000da680000,0x00000000dab80000)
 ParOldGen       total 67072K, used 27875K [0x0000000082400000, 0x0000000086580000, 0x00000000d6180000)
  object space 67072K, 41% used [0x0000000082400000,0x0000000083f38e70,0x0000000086580000)
 Metaspace       used 34690K, capacity 35144K, committed 35416K, reserved 1081344K
  class space    used 4391K, capacity 4541K, committed 4608K, reserved 1048576K
Event: 3.046 GC heap after
Heap after GC invocations=7 (full 2):
 PSYoungGen      total 70656K, used 0K [0x00000000d6180000, 0x00000000dc780000, 0x0000000100000000)
  eden space 65536K, 0% used [0x00000000d6180000,0x00000000d6180000,0x00000000da180000)
  from space 5120K, 0% used [0x00000000da180000,0x00000000da180000,0x00000000da680000)
  to   space 5120K, 0% used [0x00000000da680000,0x00000000da680000,0x00000000dab80000)
 ParOldGen       total 67072K, used 21121K [0x0000000082400000, 0x0000000086580000, 0x00000000d6180000)
  object space 67072K, 31% used [0x0000000082400000,0x00000000838a0668,0x0000000086580000)
 Metaspace       used 34690K, capacity 35144K, committed 35416K, reserved 1081344K
  class space    used 4391K, capacity 4541K, committed 4608K, reserved 1048576K
}

Deoptimization events (10 events):
Event: 2.396 Thread 0x0000000002d52800 Uncommon trap: reason=unstable_if action=reinterpret pc=0x00000000034d2178 method=java.lang.reflect.Method.equals(Ljava/lang/Object;)Z @ 49
Event: 2.824 Thread 0x0000000002d52800 Uncommon trap: reason=class_check action=maybe_recompile pc=0x00000000033a37d8 method=gnu.trove.TObjectHash.equals(Ljava/lang/Object;Ljava/lang/Object;)Z @ 6
Event: 2.863 Thread 0x0000000002d52800 Uncommon trap: reason=unstable_if action=reinterpret pc=0x00000000030387d0 method=sun.nio.cs.UTF_8$Encoder.encode([CII[B)I @ 33
Event: 2.863 Thread 0x0000000002d52800 Uncommon trap: reason=unstable_if action=reinterpret pc=0x00000000030ad0bc method=sun.nio.cs.UTF_8$Decoder.decode([BII[C)I @ 30
Event: 2.863 Thread 0x0000000002d52800 Uncommon trap: reason=unstable_if action=reinterpret pc=0x00000000030ba010 method=sun.net.www.ParseUtil.encodePath(Ljava/lang/String;Z)Ljava/lang/String; @ 81
Event: 2.920 Thread 0x0000000002d52800 Uncommon trap: reason=class_check action=maybe_recompile pc=0x0000000003386484 method=org.jetbrains.kotlin.com.intellij.util.text.ByteArrayCharSequence.toBytesIfPossible(Ljava/lang/CharSequence;)[B @ 25
Event: 2.928 Thread 0x0000000002d52800 Uncommon trap: reason=unstable_if action=reinterpret pc=0x00000000034bf2d8 method=java.lang.ThreadLocal$ThreadLocalMap.getEntry(Ljava/lang/ThreadLocal;)Ljava/lang/ThreadLocal$ThreadLocalMap$Entry; @ 21
Event: 3.073 Thread 0x0000000002d52800 Uncommon trap: reason=class_check action=maybe_recompile pc=0x0000000003386484 method=org.jetbrains.kotlin.com.intellij.util.text.ByteArrayCharSequence.toBytesIfPossible(Ljava/lang/CharSequence;)[B @ 25
Event: 3.174 Thread 0x0000000002d52800 Uncommon trap: reason=class_check action=maybe_recompile pc=0x0000000003386484 method=org.jetbrains.kotlin.com.intellij.util.text.ByteArrayCharSequence.toBytesIfPossible(Ljava/lang/CharSequence;)[B @ 25
Event: 3.198 Thread 0x0000000002d52800 Uncommon trap: reason=class_check action=maybe_recompile pc=0x0000000003386484 method=org.jetbrains.kotlin.com.intellij.util.text.ByteArrayCharSequence.toBytesIfPossible(Ljava/lang/CharSequence;)[B @ 25

Classes redefined (0 events):
No events

Internal exceptions (10 events):
Event: 0.802 Thread 0x0000000002d52800 Exception <a 'java/lang/ArrayIndexOutOfBoundsException'> (0x00000000d68a9f68) thrown at [C:\src\AOSP-openjdk-git\hotspot\src\share\vm\runtime\sharedRuntime.cpp, line 605]
Event: 1.256 Thread 0x0000000002d52800 Exception <a 'java/lang/NoSuchMethodError': java.lang.Object.lambda$comparing$77a9974f$1(Ljava/util/function/Function;Ljava/lang/Object;Ljava/lang/Object;)I> (0x00000000d6785088) thrown at [C:\src\AOSP-openjdk-git\hotspot\src\share\vm\interpreter\linkReso
Event: 1.272 Thread 0x0000000002d52800 Exception <a 'java/lang/NoSuchMethodError': java.lang.Object.lambda$static$0()J> (0x00000000d6888980) thrown at [C:\src\AOSP-openjdk-git\hotspot\src\share\vm\interpreter\linkResolver.cpp, line 620]
Event: 1.399 Thread 0x0000000002d52800 Exception <a 'java/lang/NoSuchMethodError': java.lang.Object.lambda$static$0(I)[Lorg/jetbrains/kotlin/com/intellij/openapi/editor/event/DocumentListener;> (0x00000000d6fd70f8) thrown at [C:\src\AOSP-openjdk-git\hotspot\src\share\vm\interpreter\linkResolve
Event: 1.428 Thread 0x0000000002d52800 Exception <a 'java/lang/NoSuchMethodError': java.lang.Object.lambda$static$0(I)[Lorg/jetbrains/kotlin/com/intellij/psi/PsiAnnotation;> (0x00000000d71f3a10) thrown at [C:\src\AOSP-openjdk-git\hotspot\src\share\vm\interpreter\linkResolver.cpp, line 620]
Event: 1.569 Thread 0x0000000002d52800 Exception <a 'java/lang/NoSuchMethodError': java.lang.Object.lambda$static$0(I)[Lorg/jetbrains/kotlin/com/intellij/psi/PsiElement;> (0x00000000d62ea088) thrown at [C:\src\AOSP-openjdk-git\hotspot\src\share\vm\interpreter\linkResolver.cpp, line 620]
Event: 2.352 Thread 0x0000000002d52800 Exception <a 'java/lang/ArrayIndexOutOfBoundsException': 126> (0x00000000d994b988) thrown at [C:\src\AOSP-openjdk-git\hotspot\src\share\vm\interpreter\interpreterRuntime.cpp, line 368]
Event: 2.352 Thread 0x0000000002d52800 Exception <a 'java/lang/ArrayIndexOutOfBoundsException': 86> (0x00000000d994ce10) thrown at [C:\src\AOSP-openjdk-git\hotspot\src\share\vm\interpreter\interpreterRuntime.cpp, line 368]
Event: 2.928 Thread 0x0000000002d52800 Implicit null exception at 0x00000000034bf078 to 0x00000000034bf2bd
Event: 3.064 Thread 0x0000000002d52800 Exception <a 'java/lang/NoSuchMethodError': java.lang.Object.lambda$static$0(I)[Lorg/jetbrains/kotlin/psi/KtExpression;> (0x00000000d620cec8) thrown at [C:\src\AOSP-openjdk-git\hotspot\src\share\vm\interpreter\linkResolver.cpp, line 620]

Events (10 events):
Event: 3.079 loading class org/jetbrains/kotlin/kdoc/psi/api/KDocElement
Event: 3.079 loading class org/jetbrains/kotlin/kdoc/psi/api/KDocElement done
Event: 3.174 Thread 0x0000000002d52800 Uncommon trap: trap_request=0xffffffde fr.pc=0x0000000003386484
Event: 3.174 Thread 0x0000000002d52800 DEOPT PACKING pc=0x0000000003386484 sp=0x0000000002d4d3a0
Event: 3.174 Thread 0x0000000002d52800 DEOPT UNPACKING pc=0x0000000002e9557b sp=0x0000000002d4d348 mode 2
Event: 3.198 Thread 0x0000000002d52800 Uncommon trap: trap_request=0xffffffde fr.pc=0x0000000003386484
Event: 3.198 Thread 0x0000000002d52800 DEOPT PACKING pc=0x0000000003386484 sp=0x0000000002d4d3a0
Event: 3.198 Thread 0x0000000002d52800 DEOPT UNPACKING pc=0x0000000002e9557b sp=0x0000000002d4d348 mode 2
Event: 3.213 loading class org/jetbrains/kotlin/com/intellij/psi/impl/source/tree/injected/CommentLiteralEscaper
Event: 3.213 loading class org/jetbrains/kotlin/com/intellij/psi/impl/source/tree/injected/CommentLiteralEscaper done


Dynamic libraries:
0x00007ff7c6d50000 - 0x00007ff7c6d81000 	C:\Program Files\Android\Android Studio\jre\jre\bin\java.exe
0x00007ff9ea780000 - 0x00007ff9ea970000 	C:\windows\SYSTEM32\ntdll.dll
0x00007ff9e9330000 - 0x00007ff9e93e2000 	C:\windows\System32\KERNEL32.DLL
0x00007ff9e8450000 - 0x00007ff9e86f5000 	C:\windows\System32\KERNELBASE.dll
0x00007ff9e8c40000 - 0x00007ff9e8ce3000 	C:\windows\System32\ADVAPI32.dll
0x00007ff9e8b40000 - 0x00007ff9e8bde000 	C:\windows\System32\msvcrt.dll
0x00007ff9ea6a0000 - 0x00007ff9ea737000 	C:\windows\System32\sechost.dll
0x00007ff9ea580000 - 0x00007ff9ea69f000 	C:\windows\System32\RPCRT4.dll
0x00007ff9ea260000 - 0x00007ff9ea3f4000 	C:\windows\System32\USER32.dll
0x00007ff9e82d0000 - 0x00007ff9e82f1000 	C:\windows\System32\win32u.dll
0x00007ff9ea230000 - 0x00007ff9ea256000 	C:\windows\System32\GDI32.dll
0x00007ff9e7700000 - 0x00007ff9e7898000 	C:\windows\System32\gdi32full.dll
0x00007ff9e8790000 - 0x00007ff9e882e000 	C:\windows\System32\msvcp_win.dll
0x00007ff9e8300000 - 0x00007ff9e83fa000 	C:\windows\System32\ucrtbase.dll
0x00007ff9d5230000 - 0x00007ff9d54b4000 	C:\windows\WinSxS\amd64_microsoft.windows.common-controls_6595b64144ccf1df_6.0.18362.1316_none_9e7a364fe461dbd7\COMCTL32.dll
0x00007ff9e8d20000 - 0x00007ff9e9057000 	C:\windows\System32\combase.dll
0x00007ff9e8700000 - 0x00007ff9e8781000 	C:\windows\System32\bcryptPrimitives.dll
0x00007ff9e8cf0000 - 0x00007ff9e8d1e000 	C:\windows\System32\IMM32.DLL
0x0000000051ad0000 - 0x0000000051ba2000 	C:\Program Files\Android\Android Studio\jre\jre\bin\msvcr100.dll
0x0000000077080000 - 0x00000000778cb000 	C:\Program Files\Android\Android Studio\jre\jre\bin\server\jvm.dll
0x00007ff9e91f0000 - 0x00007ff9e91f8000 	C:\windows\System32\PSAPI.DLL
0x00007ff9e3df0000 - 0x00007ff9e3e14000 	C:\windows\SYSTEM32\WINMM.dll
0x00007ff9c53c0000 - 0x00007ff9c53c9000 	C:\windows\SYSTEM32\WSOCK32.dll
0x00007ff9e0a10000 - 0x00007ff9e0a1a000 	C:\windows\SYSTEM32\VERSION.dll
0x00007ff9e93f0000 - 0x00007ff9e945f000 	C:\windows\System32\WS2_32.dll
0x00007ff9e3dc0000 - 0x00007ff9e3ded000 	C:\windows\SYSTEM32\WINMMBASE.dll
0x00007ff9e8400000 - 0x00007ff9e844a000 	C:\windows\System32\cfgmgr32.dll
0x00007ff9e39b0000 - 0x00007ff9e39bf000 	C:\Program Files\Android\Android Studio\jre\jre\bin\verify.dll
0x00007ff9a8450000 - 0x00007ff9a8479000 	C:\Program Files\Android\Android Studio\jre\jre\bin\java.dll
0x00007ff9cf570000 - 0x00007ff9cf586000 	C:\Program Files\Android\Android Studio\jre\jre\bin\zip.dll
0x00007ff9e98d0000 - 0x00007ff9e9fb8000 	C:\windows\System32\SHELL32.dll
0x00007ff9ea180000 - 0x00007ff9ea227000 	C:\windows\System32\shcore.dll
0x00007ff9e7a70000 - 0x00007ff9e81eb000 	C:\windows\System32\windows.storage.dll
0x00007ff9e76d0000 - 0x00007ff9e76f3000 	C:\windows\System32\profapi.dll
0x00007ff9e7660000 - 0x00007ff9e76aa000 	C:\windows\System32\powrprof.dll
0x00007ff9e7630000 - 0x00007ff9e7640000 	C:\windows\System32\UMPDC.dll
0x00007ff9e9130000 - 0x00007ff9e9182000 	C:\windows\System32\shlwapi.dll
0x00007ff9e7640000 - 0x00007ff9e7651000 	C:\windows\System32\kernel.appcore.dll
0x00007ff9e7a50000 - 0x00007ff9e7a67000 	C:\windows\System32\cryptsp.dll
0x00007ff9cf380000 - 0x00007ff9cf39a000 	C:\Program Files\Android\Android Studio\jre\jre\bin\net.dll
0x00007ff9e6e70000 - 0x00007ff9e6ed7000 	C:\windows\system32\mswsock.dll
0x00007ff9ca850000 - 0x00007ff9ca863000 	C:\Program Files\Android\Android Studio\jre\jre\bin\nio.dll

VM Arguments:
java_command: org.jetbrains.kotlin.cli.jvm.K2JVMCompiler @D:\Data\DATA\Mata_Kuliah\Github\Delta-SE\Tegalur\app\build\20210129_4831456675754172296.compiler.options
java_class_path (initial): C:\Users\badni\.gradle\caches\modules-2\files-2.1\org.jetbrains.kotlin\kotlin-compiler-embeddable\1.4.10\38c4b99d5d5362debdd9302a866730379aa2328a\kotlin-compiler-embeddable-1.4.10.jar;C:\Users\badni\.gradle\caches\modules-2\files-2.1\org.jetbrains.kotlin\kotlin-reflect\1.4.10\e2b3c6695eee6085e606d96d685396dce23a3a06\kotlin-reflect-1.4.10.jar;C:\Users\badni\.gradle\caches\modules-2\files-2.1\org.jetbrains.kotlin\kotlin-stdlib\1.4.10\ea29e063d2bbe695be13e9d044dcfb0c7add398e\kotlin-stdlib-1.4.10.jar;C:\Users\badni\.gradle\caches\modules-2\files-2.1\org.jetbrains.kotlin\kotlin-script-runtime\1.4.10\7c19d9c2001e016cd7664cebe9eea66fc04a7f4f\kotlin-script-runtime-1.4.10.jar;C:\Users\badni\.gradle\caches\modules-2\files-2.1\org.jetbrains.kotlin\kotlin-daemon-embeddable\1.4.10\dbd67f42bed28043d17d7c860b06110a00a45970\kotlin-daemon-embeddable-1.4.10.jar;C:\Users\badni\.gradle\caches\modules-2\files-2.1\org.jetbrains.intellij.deps\trove4j\1.0.20181211\216c2e14b070f334479d800987affe4054cd563f\trove4j-1.0.20181211.jar;C:\Users\badni\.gradle\caches\modules-2\files-2.1\org.jetbrains.kotlin\kotlin-stdlib-common\1.4.10\6229be3465805c99db1142ad75e6c6ddeac0b04c\kotlin-stdlib-common-1.4.10.jar;C:\Users\badni\.gradle\caches\modules-2\files-2.1\org.jetbrains\annotations\13.0\919f0dfe192fb4e063e7dacadee7f8bb9a2672a9\annotations-13.0.jar;C:\Program Files\Android\Android Studio\jre\lib\tools.jar
Launcher Type: SUN_STANDARD

Environment Variables:
PATH=C:\Program Files\Common Files\Oracle\Java\javapath;C:\ProgramData\Oracle\Java\javapath;C:\Windows\system32;C:\Windows;C:\Windows\System32\Wbem;C:\Windows\System32\WindowsPowerShell\v1.0\;C:\Windows\System32\OpenSSH\;C:\Program Files (x86)\NVIDIA Corporation\PhysX\Common;C:\Program Files\NVIDIA Corporation\NVIDIA NvDLISR;C:\Users\badni\AppData\Local\Microsoft\WindowsApps;C:\adb;C:\Users\badni\AppData\Local\Programs\Python\Python37-32;C:\Users\badni\Anaconda3;C:\Users\badni\Anaconda3\Scripts;C:\Users\badni\Anaconda3\Library\bin;C:\Program Files (x86)\HP\Common\HPDestPlgIn\;C:\Program Files (x86)\Microsoft SQL Server\110\Tools\Binn\;C:\Program Files\Microsoft SQL Server\110\Tools\Binn\;C:\Program Files\Microsoft SQL Server\110\DTS\Binn\;C:\Program Files (x86)\Microsoft SQL Server\110\Tools\Binn\ManagementStudio\;C:\Program Files (x86)\Microsoft SQL Server\110\DTS\Binn\;C:\xampp\php;C:\ProgramData\ComposerSetup\bin;C:\Program Files\Git\cmd;C:\Program Files\RedHat\java-11-openjdk-11.0.7-1\bin;C:\Program Files\nodejs\;C:\Program Files\nodejs\node_modules\npm\bin;C:\Users\badni\Anaconda3;C:\Users\badni\Anaconda3\Library\mingw-w64\bin;C:\Users\badni\Anaconda3\Library\usr\bin;C:\Users\badni\Anaconda3\Library\bin;C:\Users\badni\Anaconda3\Scripts;C:\Users\badni\AppData\Local\Programs\Python\Python37-32\Scripts\;C:\Users\badni\AppData\Local\Programs\Python\Python37-32\;C:\Users\badni\AppData\Local\Microsoft\WindowsApps;C:\Users\badni\AppData\Local\Programs\Microsoft VS Code\bin;C:\Program Files (x86)\HP\Common\HPDestPlgIn\;C:\Program Files\JetBrains\IntelliJ IDEA Community Edition 2019.3.3\bin;C:\Users\badni\AppData\Roaming\Composer\vendor\bin;C:\Users\badni\AppData\Local\GitHubDesktop\bin;C:\Program Files\JetBrains\PyCharm Community Edition 2020.1.2\bin;;C:\Users\badni\AppData\Roaming\npm;C:\Program Files\JetBrains\IntelliJ IDEA Community Edition 2020.2.3\bin;;C:\Program Files\heroku\bin
USERNAME=badni
OS=Windows_NT
PROCESSOR_IDENTIFIER=Intel64 Family 6 Model 142 Stepping 11, GenuineIntel



---------------  S Y S T E M  ---------------

OS: Windows 10.0 , 64 bit Build 18362 (10.0.18362.1316)

CPU:total 4 (initial active 4) (4 cores per cpu, 2 threads per core) family 6 model 142 stepping 11, cmov, cx8, fxsr, mmx, sse, sse2, sse3, ssse3, sse4.1, sse4.2, popcnt, avx, avx2, clmul, erms, 3dnowpref, lzcnt, ht, tsc, tscinvbit, bmi1, bmi2, adx

Memory: 4k page, physical 8236280k(879740k free), swap 16624888k(5676k free)

vm_info: OpenJDK 64-Bit Server VM (25.242-b01) for windows-amd64 JRE (1.8.0_242-release-1644-b01), built by "builder" with MS VC++ 10.0 (VS2010)

time: Fri Jan 29 13:26:41 2021
timezone: SE Asia Standard Time
elapsed time: 3 seconds (0d 0h 0m 3s)

